INFO [2024-09-01 03:40:09] $x
INFO [2024-09-01 03:40:09] gene_lists
INFO [2024-09-01 03:40:09] 
INFO [2024-09-01 03:40:09] $category.names
INFO [2024-09-01 03:40:09] c("Zhongza_9", "QZ_006", "TOM_EX", "Micro_TOM", "X29_X_Boludo")
INFO [2024-09-01 03:40:09] 
INFO [2024-09-01 03:40:09] $filename
INFO [2024-09-01 03:40:09] NULL
INFO [2024-09-01 03:40:09] 
INFO [2024-09-01 03:40:09] $output
INFO [2024-09-01 03:40:09] [1] TRUE
INFO [2024-09-01 03:40:09] 
INFO [2024-09-01 03:40:09] $imagetype
INFO [2024-09-01 03:40:09] [1] "png"
INFO [2024-09-01 03:40:09] 
INFO [2024-09-01 03:40:09] $height
INFO [2024-09-01 03:40:09] [1] 3000
INFO [2024-09-01 03:40:09] 
INFO [2024-09-01 03:40:09] $width
INFO [2024-09-01 03:40:09] [1] 3000
INFO [2024-09-01 03:40:09] 
INFO [2024-09-01 03:40:09] $resolution
INFO [2024-09-01 03:40:09] [1] 300
INFO [2024-09-01 03:40:09] 
INFO [2024-09-01 03:40:09] $compression
INFO [2024-09-01 03:40:09] [1] "lzw"
INFO [2024-09-01 03:40:09] 
INFO [2024-09-01 03:40:09] $lwd
INFO [2024-09-01 03:40:09] [1] 2
INFO [2024-09-01 03:40:09] 
INFO [2024-09-01 03:40:09] $col
INFO [2024-09-01 03:40:09] [1] "black"
INFO [2024-09-01 03:40:09] 
INFO [2024-09-01 03:40:09] $fill
INFO [2024-09-01 03:40:09] c("dodgerblue", "goldenrod1", "seagreen3", "darkorchid1", "red")
INFO [2024-09-01 03:40:09] 
INFO [2024-09-01 03:40:09] $cex
INFO [2024-09-01 03:40:09] [1] 1.5
INFO [2024-09-01 03:40:09] 
INFO [2024-09-01 03:40:09] $fontface
INFO [2024-09-01 03:40:09] [1] "bold"
INFO [2024-09-01 03:40:09] 
INFO [2024-09-01 03:40:09] $fontfamily
INFO [2024-09-01 03:40:09] [1] "sans"
INFO [2024-09-01 03:40:09] 
INFO [2024-09-01 03:40:09] $cat.cex
INFO [2024-09-01 03:40:09] [1] 1.5
INFO [2024-09-01 03:40:09] 
INFO [2024-09-01 03:40:09] $cat.fontface
INFO [2024-09-01 03:40:09] [1] "bold"
INFO [2024-09-01 03:40:09] 
INFO [2024-09-01 03:40:09] $cat.default.pos
INFO [2024-09-01 03:40:09] [1] "outer"
INFO [2024-09-01 03:40:09] 
INFO [2024-09-01 03:40:09] $cat.pos
INFO [2024-09-01 03:40:09] c(-27, 27, 135, -135, 180)
INFO [2024-09-01 03:40:09] 
INFO [2024-09-01 03:40:09] $cat.dist
INFO [2024-09-01 03:40:09] c(0.055, 0.055, 0.085, 0.085, 0.085)
INFO [2024-09-01 03:40:09] 
INFO [2024-09-01 03:40:09] $cat.fontfamily
INFO [2024-09-01 03:40:09] [1] "sans"
INFO [2024-09-01 03:40:09] 
INFO [2024-09-01 03:40:09] $rotation.degree
INFO [2024-09-01 03:40:09] [1] 1
INFO [2024-09-01 03:40:09] 
INFO [2024-09-01 03:40:09] $euler.d
INFO [2024-09-01 03:40:09] [1] TRUE
INFO [2024-09-01 03:40:09] 
INFO [2024-09-01 03:40:09] $scaled
INFO [2024-09-01 03:40:09] [1] TRUE
INFO [2024-09-01 03:40:09] 
