INFO [2024-09-01 04:36:34] $x
INFO [2024-09-01 04:36:34] gene_lists
INFO [2024-09-01 04:36:34] 
INFO [2024-09-01 04:36:34] $category.names
INFO [2024-09-01 04:36:34] c("Zhongza_9", "QZ_006", "TOM_EX", "Micro_TOM", "X29_X_Boludo")
INFO [2024-09-01 04:36:34] 
INFO [2024-09-01 04:36:34] $filename
INFO [2024-09-01 04:36:34] NULL
INFO [2024-09-01 04:36:34] 
INFO [2024-09-01 04:36:34] $output
INFO [2024-09-01 04:36:34] [1] TRUE
INFO [2024-09-01 04:36:34] 
INFO [2024-09-01 04:36:34] $imagetype
INFO [2024-09-01 04:36:34] [1] "png"
INFO [2024-09-01 04:36:34] 
INFO [2024-09-01 04:36:34] $height
INFO [2024-09-01 04:36:34] [1] 3000
INFO [2024-09-01 04:36:34] 
INFO [2024-09-01 04:36:34] $width
INFO [2024-09-01 04:36:34] [1] 3000
INFO [2024-09-01 04:36:34] 
INFO [2024-09-01 04:36:34] $resolution
INFO [2024-09-01 04:36:34] [1] 300
INFO [2024-09-01 04:36:34] 
INFO [2024-09-01 04:36:34] $compression
INFO [2024-09-01 04:36:34] [1] "lzw"
INFO [2024-09-01 04:36:34] 
INFO [2024-09-01 04:36:34] $lwd
INFO [2024-09-01 04:36:34] [1] 2
INFO [2024-09-01 04:36:34] 
INFO [2024-09-01 04:36:34] $col
INFO [2024-09-01 04:36:34] [1] "black"
INFO [2024-09-01 04:36:34] 
INFO [2024-09-01 04:36:34] $fill
INFO [2024-09-01 04:36:34] c("dodgerblue", "goldenrod1", "seagreen3", "darkorchid1", "red")
INFO [2024-09-01 04:36:34] 
INFO [2024-09-01 04:36:34] $cex
INFO [2024-09-01 04:36:34] [1] 1.5
INFO [2024-09-01 04:36:34] 
INFO [2024-09-01 04:36:34] $fontface
INFO [2024-09-01 04:36:34] [1] "bold"
INFO [2024-09-01 04:36:34] 
INFO [2024-09-01 04:36:34] $fontfamily
INFO [2024-09-01 04:36:34] [1] "sans"
INFO [2024-09-01 04:36:34] 
INFO [2024-09-01 04:36:34] $cat.cex
INFO [2024-09-01 04:36:34] [1] 1.5
INFO [2024-09-01 04:36:34] 
INFO [2024-09-01 04:36:34] $cat.fontface
INFO [2024-09-01 04:36:34] [1] "bold"
INFO [2024-09-01 04:36:34] 
INFO [2024-09-01 04:36:34] $cat.default.pos
INFO [2024-09-01 04:36:34] [1] "outer"
INFO [2024-09-01 04:36:34] 
INFO [2024-09-01 04:36:34] $cat.pos
INFO [2024-09-01 04:36:34] c(-27, 27, 135, -135, 180)
INFO [2024-09-01 04:36:34] 
INFO [2024-09-01 04:36:34] $cat.dist
INFO [2024-09-01 04:36:34] c(0.055, 0.055, 0.085, 0.085, 0.085)
INFO [2024-09-01 04:36:34] 
INFO [2024-09-01 04:36:34] $cat.fontfamily
INFO [2024-09-01 04:36:34] [1] "sans"
INFO [2024-09-01 04:36:34] 
INFO [2024-09-01 04:36:34] $rotation.degree
INFO [2024-09-01 04:36:34] [1] 1
INFO [2024-09-01 04:36:34] 
INFO [2024-09-01 04:36:34] $euler.d
INFO [2024-09-01 04:36:34] [1] TRUE
INFO [2024-09-01 04:36:34] 
INFO [2024-09-01 04:36:34] $scaled
INFO [2024-09-01 04:36:34] [1] TRUE
INFO [2024-09-01 04:36:34] 
