INFO [2024-07-08 12:31:15] $x
INFO [2024-07-08 12:31:15] gene_lists
INFO [2024-07-08 12:31:15] 
INFO [2024-07-08 12:31:15] $category.names
INFO [2024-07-08 12:31:15] c("Zhongza_9", "QZ_006", "TOM_EX", "Micro_TOM", "X29_X_Boludo")
INFO [2024-07-08 12:31:15] 
INFO [2024-07-08 12:31:15] $filename
INFO [2024-07-08 12:31:15] NULL
INFO [2024-07-08 12:31:15] 
INFO [2024-07-08 12:31:15] $output
INFO [2024-07-08 12:31:15] [1] TRUE
INFO [2024-07-08 12:31:15] 
INFO [2024-07-08 12:31:15] $imagetype
INFO [2024-07-08 12:31:15] [1] "png"
INFO [2024-07-08 12:31:15] 
INFO [2024-07-08 12:31:15] $height
INFO [2024-07-08 12:31:15] [1] 3000
INFO [2024-07-08 12:31:15] 
INFO [2024-07-08 12:31:15] $width
INFO [2024-07-08 12:31:15] [1] 3000
INFO [2024-07-08 12:31:15] 
INFO [2024-07-08 12:31:15] $resolution
INFO [2024-07-08 12:31:15] [1] 300
INFO [2024-07-08 12:31:15] 
INFO [2024-07-08 12:31:15] $compression
INFO [2024-07-08 12:31:15] [1] "lzw"
INFO [2024-07-08 12:31:15] 
INFO [2024-07-08 12:31:15] $lwd
INFO [2024-07-08 12:31:15] [1] 2
INFO [2024-07-08 12:31:15] 
INFO [2024-07-08 12:31:15] $col
INFO [2024-07-08 12:31:15] [1] "black"
INFO [2024-07-08 12:31:15] 
INFO [2024-07-08 12:31:15] $fill
INFO [2024-07-08 12:31:15] c("dodgerblue", "goldenrod1", "seagreen3", "darkorchid1", "red")
INFO [2024-07-08 12:31:15] 
INFO [2024-07-08 12:31:15] $cex
INFO [2024-07-08 12:31:15] [1] 1.5
INFO [2024-07-08 12:31:15] 
INFO [2024-07-08 12:31:15] $fontface
INFO [2024-07-08 12:31:15] [1] "bold"
INFO [2024-07-08 12:31:15] 
INFO [2024-07-08 12:31:15] $fontfamily
INFO [2024-07-08 12:31:15] [1] "sans"
INFO [2024-07-08 12:31:15] 
INFO [2024-07-08 12:31:15] $cat.cex
INFO [2024-07-08 12:31:15] [1] 1.5
INFO [2024-07-08 12:31:15] 
INFO [2024-07-08 12:31:15] $cat.fontface
INFO [2024-07-08 12:31:15] [1] "bold"
INFO [2024-07-08 12:31:15] 
INFO [2024-07-08 12:31:15] $cat.default.pos
INFO [2024-07-08 12:31:15] [1] "outer"
INFO [2024-07-08 12:31:15] 
INFO [2024-07-08 12:31:15] $cat.pos
INFO [2024-07-08 12:31:15] c(-27, 27, 135, -135, 180)
INFO [2024-07-08 12:31:15] 
INFO [2024-07-08 12:31:15] $cat.dist
INFO [2024-07-08 12:31:15] c(0.055, 0.055, 0.085, 0.085, 0.085)
INFO [2024-07-08 12:31:15] 
INFO [2024-07-08 12:31:15] $cat.fontfamily
INFO [2024-07-08 12:31:15] [1] "sans"
INFO [2024-07-08 12:31:15] 
INFO [2024-07-08 12:31:15] $rotation.degree
INFO [2024-07-08 12:31:15] [1] 1
INFO [2024-07-08 12:31:15] 
INFO [2024-07-08 12:31:15] $euler.d
INFO [2024-07-08 12:31:15] [1] TRUE
INFO [2024-07-08 12:31:15] 
INFO [2024-07-08 12:31:15] $scaled
INFO [2024-07-08 12:31:15] [1] TRUE
INFO [2024-07-08 12:31:15] 
