INFO [2024-08-29 03:57:19] $x
INFO [2024-08-29 03:57:19] gene_lists
INFO [2024-08-29 03:57:19] 
INFO [2024-08-29 03:57:19] $category.names
INFO [2024-08-29 03:57:19] c("Zhongza_9", "QZ_006", "TOM_EX", "Micro_TOM", "X29_X_Boludo")
INFO [2024-08-29 03:57:19] 
INFO [2024-08-29 03:57:19] $filename
INFO [2024-08-29 03:57:19] NULL
INFO [2024-08-29 03:57:19] 
INFO [2024-08-29 03:57:19] $output
INFO [2024-08-29 03:57:19] [1] TRUE
INFO [2024-08-29 03:57:19] 
INFO [2024-08-29 03:57:19] $imagetype
INFO [2024-08-29 03:57:19] [1] "png"
INFO [2024-08-29 03:57:19] 
INFO [2024-08-29 03:57:19] $height
INFO [2024-08-29 03:57:19] [1] 3000
INFO [2024-08-29 03:57:19] 
INFO [2024-08-29 03:57:19] $width
INFO [2024-08-29 03:57:19] [1] 3000
INFO [2024-08-29 03:57:19] 
INFO [2024-08-29 03:57:19] $resolution
INFO [2024-08-29 03:57:19] [1] 300
INFO [2024-08-29 03:57:19] 
INFO [2024-08-29 03:57:19] $compression
INFO [2024-08-29 03:57:19] [1] "lzw"
INFO [2024-08-29 03:57:19] 
INFO [2024-08-29 03:57:19] $lwd
INFO [2024-08-29 03:57:19] [1] 2
INFO [2024-08-29 03:57:19] 
INFO [2024-08-29 03:57:19] $col
INFO [2024-08-29 03:57:19] [1] "black"
INFO [2024-08-29 03:57:19] 
INFO [2024-08-29 03:57:19] $fill
INFO [2024-08-29 03:57:19] c("dodgerblue", "goldenrod1", "seagreen3", "darkorchid1", "red")
INFO [2024-08-29 03:57:19] 
INFO [2024-08-29 03:57:19] $cex
INFO [2024-08-29 03:57:19] [1] 1.5
INFO [2024-08-29 03:57:19] 
INFO [2024-08-29 03:57:19] $fontface
INFO [2024-08-29 03:57:19] [1] "bold"
INFO [2024-08-29 03:57:19] 
INFO [2024-08-29 03:57:19] $fontfamily
INFO [2024-08-29 03:57:19] [1] "sans"
INFO [2024-08-29 03:57:19] 
INFO [2024-08-29 03:57:19] $cat.cex
INFO [2024-08-29 03:57:19] [1] 1.5
INFO [2024-08-29 03:57:19] 
INFO [2024-08-29 03:57:19] $cat.fontface
INFO [2024-08-29 03:57:19] [1] "bold"
INFO [2024-08-29 03:57:19] 
INFO [2024-08-29 03:57:19] $cat.default.pos
INFO [2024-08-29 03:57:19] [1] "outer"
INFO [2024-08-29 03:57:19] 
INFO [2024-08-29 03:57:19] $cat.pos
INFO [2024-08-29 03:57:19] c(-27, 27, 135, -135, 180)
INFO [2024-08-29 03:57:19] 
INFO [2024-08-29 03:57:19] $cat.dist
INFO [2024-08-29 03:57:19] c(0.055, 0.055, 0.085, 0.085, 0.085)
INFO [2024-08-29 03:57:19] 
INFO [2024-08-29 03:57:19] $cat.fontfamily
INFO [2024-08-29 03:57:19] [1] "sans"
INFO [2024-08-29 03:57:19] 
INFO [2024-08-29 03:57:19] $rotation.degree
INFO [2024-08-29 03:57:19] [1] 1
INFO [2024-08-29 03:57:19] 
INFO [2024-08-29 03:57:19] $euler.d
INFO [2024-08-29 03:57:19] [1] TRUE
INFO [2024-08-29 03:57:19] 
INFO [2024-08-29 03:57:19] $scaled
INFO [2024-08-29 03:57:19] [1] TRUE
INFO [2024-08-29 03:57:19] 
